Arguments: 
  /usr/local/bin/node /usr/local/bin/yarn create vite

PATH: 
  /home/nero/tools/lua-language-server/bin/Linux:/home/nero/.deno/bin:/home/nero/.vscode-server/bin/6261075646f055b99068d3688932416f2346dd3b/bin/remote-cli:/home/nero/.local/bin:/home/nero/tools/lua-language-server/bin/Linux:/home/nero/.deno/bin:/home/nero/.cargo/bin:/usr/local/sbin:/usr/local/bin:/usr/sbin:/usr/bin:/sbin:/bin:/usr/games:/usr/local/games:/usr/lib/wsl/lib:/mnt/c/Program Files (x86)/VMware/VMware Player/bin/:/mnt/c/Program Files (x86)/Intel/iCLS Client/:/mnt/c/Program Files/Intel/iCLS Client/:/mnt/c/windows/system32:/mnt/c/windows:/mnt/c/windows/System32/Wbem:/mnt/c/windows/System32/WindowsPowerShell/v1.0/:/mnt/c/Program Files (x86)/Intel/Intel(R) Management Engine Components/DAL:/mnt/c/Program Files/Intel/Intel(R) Management Engine Components/DAL:/mnt/c/Program Files (x86)/Intel/Intel(R) Management Engine Components/IPT:/mnt/c/Program Files/Intel/Intel(R) Management Engine Components/IPT:/mnt/c/Program Files (x86)/NVIDIA Corporation/PhysX/Common:/mnt/c/WINDOWS/system32:/mnt/c/WINDOWS:/mnt/c/WINDOWS/System32/Wbem:/mnt/c/WINDOWS/System32/WindowsPowerShell/v1.0/:/mnt/c/WINDOWS/System32/OpenSSH/:/mnt/c/Program Files/NVIDIA Corporation/NVIDIA NvDLISR:/mnt/c/Program Files/Microsoft SQL Server/150/Tools/Binn/:/mnt/c/Program Files/Microsoft SQL Server/Client SDK/ODBC/170/Tools/Binn/:/mnt/c/Program Files/dotnet/:/mnt/c/Program Files/Docker/Docker/resources/bin:/mnt/c/ProgramData/DockerDesktop/version-bin:/mnt/c/Program Files/WezTerm:/mnt/c/Program Files/nodejs/:/mnt/c/Program Files/PowerShell/7/:/mnt/c/Users/apex/AppData/Local/Programs/Python/Python310/Scripts/:/mnt/c/Users/apex/AppData/Local/Programs/Python/Python310/:/mnt/c/Users/apex/AppData/Local/Microsoft/WindowsApps:/mnt/c/Users/apex/AppData/Local/Programs/Microsoft VS Code/bin:/mnt/c/Users/apex/.dotnet/tools:/mnt/c/Users/apex/AppData/Local/Programs/Hyper/resources/bin:/mnt/c/Nvim/bin:/mnt/c/Users/apex/AppData/Local/spicetify:/mnt/c/Users/apex/AppData/Local/Programs/Microsoft VS Code Insiders/bin:/mnt/c/Users/apex/AppData/Roaming/npm:/snap/bin

Yarn version: 
  1.22.19

Node version: 
  16.15.0

Platform: 
  linux x64

Trace: 
  Error: getaddrinfo EAI_AGAIN registry.yarnpkg.com
      at GetAddrInfoReqWrap.onlookup [as oncomplete] (node:dns:71:26)

npm manifest: 
  {
    "dependencies": {
      "create-expo-app": "^1.1.5",
      "create-vite": "^4.0.0"
    }
  }

yarn manifest: 
  No manifest

Lockfile: 
  # THIS IS AN AUTOGENERATED FILE. DO NOT EDIT THIS FILE DIRECTLY.
  # yarn lockfile v1
  
  
  create-expo-app@^1.1.5:
    version "1.1.5"
    resolved "https://registry.yarnpkg.com/create-expo-app/-/create-expo-app-1.1.5.tgz#a67b5855b4c8f5d534d3fd050164b883f24a7ea8"
    integrity sha512-/Q/eBZG8GA8kS6A6vp7MRbHEAg2vU0Bn2/1h8yrc9oVVvPQJwmLzhhkyjbdsirFTb/tvimoL22zHSb22f5/LIw==
  
  create-vite@^4.0.0:
    version "4.0.0"
    resolved "https://registry.yarnpkg.com/create-vite/-/create-vite-4.0.0.tgz#e6303fa92c513cc232aabaf2d318dda1a1860a77"
    integrity sha512-U3YwGDXbFBQd+kUbkxGVeoYotoGpkNxl1TG6nBotG+rWdub7w8YJgK7pSnaOorJieFqMe/XvdDxzUKHLQnVv/g==
